0 info it worked if it ends with ok
1 verbose cli [ '/usr/local/bin/node',
1 verbose cli   '/usr/local/bin/npm',
1 verbose cli   'install',
1 verbose cli   '-g',
1 verbose cli   'browser-sync' ]
2 info using npm@2.14.7
3 info using node@v4.2.1
4 verbose install initial load of /usr/local/lib/package.json
5 verbose readDependencies loading dependencies from /usr/local/lib/package.json
6 silly cache add args [ 'browser-sync', null ]
7 verbose cache add spec browser-sync
8 silly cache add parsed spec Result {
8 silly cache add   raw: 'browser-sync',
8 silly cache add   scope: null,
8 silly cache add   name: 'browser-sync',
8 silly cache add   rawSpec: '',
8 silly cache add   spec: '*',
8 silly cache add   type: 'range' }
9 silly addNamed browser-sync@*
10 verbose addNamed "*" is a valid semver range for browser-sync
11 silly addNameRange { name: 'browser-sync', range: '*', hasData: false }
12 silly mapToRegistry name browser-sync
13 silly mapToRegistry using default registry
14 silly mapToRegistry registry https://registry.npmjs.org/
15 silly mapToRegistry uri https://registry.npmjs.org/browser-sync
16 verbose addNameRange registry:https://registry.npmjs.org/browser-sync not in flight; fetching
17 verbose request uri https://registry.npmjs.org/browser-sync
18 verbose request no auth needed
19 info attempt registry request try #1 at 20:24:29
20 verbose request id fd9270c974e35cff
21 verbose etag "5073X4WI9ZB5EG8VN7P4LOWHM"
22 http request GET https://registry.npmjs.org/browser-sync
23 http 200 https://registry.npmjs.org/browser-sync
24 verbose headers { server: 'CouchDB/1.5.0 (Erlang OTP/R16B03)',
24 verbose headers   etag: '"E4QOY7J66OJG0E87S597IJ59T"',
24 verbose headers   'content-type': 'application/json',
24 verbose headers   'content-encoding': 'gzip',
24 verbose headers   'cache-control': 'max-age=300',
24 verbose headers   'content-length': '39124',
24 verbose headers   'accept-ranges': 'bytes',
24 verbose headers   date: 'Mon, 06 Jun 2016 12:24:30 GMT',
24 verbose headers   via: '1.1 varnish',
24 verbose headers   age: '30',
24 verbose headers   connection: 'keep-alive',
24 verbose headers   'x-served-by': 'cache-itm7425-ITM',
24 verbose headers   'x-cache': 'HIT',
24 verbose headers   'x-cache-hits': '1',
24 verbose headers   'x-timer': 'S1465215870.353744,VS0,VE0',
24 verbose headers   vary: 'Accept-Encoding' }
25 silly get cb [ 200,
25 silly get   { server: 'CouchDB/1.5.0 (Erlang OTP/R16B03)',
25 silly get     etag: '"E4QOY7J66OJG0E87S597IJ59T"',
25 silly get     'content-type': 'application/json',
25 silly get     'content-encoding': 'gzip',
25 silly get     'cache-control': 'max-age=300',
25 silly get     'content-length': '39124',
25 silly get     'accept-ranges': 'bytes',
25 silly get     date: 'Mon, 06 Jun 2016 12:24:30 GMT',
25 silly get     via: '1.1 varnish',
25 silly get     age: '30',
25 silly get     connection: 'keep-alive',
25 silly get     'x-served-by': 'cache-itm7425-ITM',
25 silly get     'x-cache': 'HIT',
25 silly get     'x-cache-hits': '1',
25 silly get     'x-timer': 'S1465215870.353744,VS0,VE0',
25 silly get     vary: 'Accept-Encoding' } ]
26 verbose get saving browser-sync to /Users/bramble/.npm/registry.npmjs.org/browser-sync/.cache.json
27 silly addNameRange number 2 { name: 'browser-sync', range: '*', hasData: true }
28 silly addNameRange versions [ 'browser-sync',
28 silly addNameRange   [ '0.1.0',
28 silly addNameRange     '0.1.1',
28 silly addNameRange     '0.1.3',
28 silly addNameRange     '0.1.5',
28 silly addNameRange     '0.1.6',
28 silly addNameRange     '0.1.7',
28 silly addNameRange     '0.1.8',
28 silly addNameRange     '0.1.9',
28 silly addNameRange     '0.1.10',
28 silly addNameRange     '0.2.0',
28 silly addNameRange     '0.2.1',
28 silly addNameRange     '0.3.0',
28 silly addNameRange     '0.3.1',
28 silly addNameRange     '0.3.2',
28 silly addNameRange     '0.3.3',
28 silly addNameRange     '0.3.4',
28 silly addNameRange     '0.3.5',
28 silly addNameRange     '0.3.6',
28 silly addNameRange     '0.3.7',
28 silly addNameRange     '0.3.8',
28 silly addNameRange     '0.3.10',
28 silly addNameRange     '0.4.0',
28 silly addNameRange     '0.4.1',
28 silly addNameRange     '0.4.2',
28 silly addNameRange     '0.4.21',
28 silly addNameRange     '0.4.3',
28 silly addNameRange     '0.4.4',
28 silly addNameRange     '0.4.5',
28 silly addNameRange     '0.4.6',
28 silly addNameRange     '0.4.7',
28 silly addNameRange     '0.4.8',
28 silly addNameRange     '0.4.9',
28 silly addNameRange     '0.4.10',
28 silly addNameRange     '0.4.11',
28 silly addNameRange     '0.4.12',
28 silly addNameRange     '0.5.0',
28 silly addNameRange     '0.5.1',
28 silly addNameRange     '0.5.2',
28 silly addNameRange     '0.5.3',
28 silly addNameRange     '0.5.4',
28 silly addNameRange     '0.5.5',
28 silly addNameRange     '0.5.6',
28 silly addNameRange     '0.5.7',
28 silly addNameRange     '0.5.8',
28 silly addNameRange     '0.5.9',
28 silly addNameRange     '0.6.0',
28 silly addNameRange     '0.6.1',
28 silly addNameRange     '0.6.2',
28 silly addNameRange     '0.7.0',
28 silly addNameRange     '0.7.1',
28 silly addNameRange     '0.7.2',
28 silly addNameRange     '0.7.3',
28 silly addNameRange     '0.7.4',
28 silly addNameRange     '0.7.5',
28 silly addNameRange     '0.7.7',
28 silly addNameRange     '0.8.0',
28 silly addNameRange     '0.8.1',
28 silly addNameRange     '0.8.2',
28 silly addNameRange     '0.9.0',
28 silly addNameRange     '0.9.1',
28 silly addNameRange     '1.0.0',
28 silly addNameRange     '1.1.0',
28 silly addNameRange     '1.1.1',
28 silly addNameRange     '1.1.2',
28 silly addNameRange     '1.2.0',
28 silly addNameRange     '1.2.1',
28 silly addNameRange     '1.3.0',
28 silly addNameRange     '1.3.2',
28 silly addNameRange     '1.3.3',
28 silly addNameRange     '1.3.4',
28 silly addNameRange     '1.3.5',
28 silly addNameRange     '1.3.6',
28 silly addNameRange     '1.3.7',
28 silly addNameRange     '1.5.0',
28 silly addNameRange     '1.5.1',
28 silly addNameRange     '1.5.2',
28 silly addNameRange     '1.5.3',
28 silly addNameRange     '1.5.4',
28 silly addNameRange     '1.5.5',
28 silly addNameRange     '1.5.6',
28 silly addNameRange     '1.5.7',
28 silly addNameRange     '1.5.8',
28 silly addNameRange     '1.5.9',
28 silly addNameRange     '1.6.0',
28 silly addNameRange     '1.6.1',
28 silly addNameRange     '1.6.2',
28 silly addNameRange     '1.6.3',
28 silly addNameRange     '1.6.4',
28 silly addNameRange     '1.6.5',
28 silly addNameRange     '1.7.0',
28 silly addNameRange     '1.7.1',
28 silly addNameRange     '1.7.2',
28 silly addNameRange     '1.7.3',
28 silly addNameRange     '1.8.0',
28 silly addNameRange     '1.8.1',
28 silly addNameRange     '1.8.2',
28 silly addNameRange     '1.8.3',
28 silly addNameRange     '1.9.0',
28 silly addNameRange     '1.9.1',
28 silly addNameRange     '2.0.0-rc1',
28 silly addNameRange     '2.0.0-rc2',
28 silly addNameRange     '2.0.0-rc3',
28 silly addNameRange     '2.0.0-rc4',
28 silly addNameRange     '2.0.0-rc5',
28 silly addNameRange     '2.0.0-rc6',
28 silly addNameRange     '2.0.0-rc7',
28 silly addNameRange     '2.0.0-rc8',
28 silly addNameRange     '2.0.0-rc9',
28 silly addNameRange     '2.0.0-rc10',
28 silly addNameRange     '2.0.0',
28 silly addNameRange     '2.0.1',
28 silly addNameRange     '2.1.0',
28 silly addNameRange     '2.1.1',
28 silly addNameRange     '2.1.2',
28 silly addNameRange     '2.1.3',
28 silly addNameRange     '2.1.4',
28 silly addNameRange     '2.1.6',
28 silly addNameRange     '2.2.0',
28 silly addNameRange     '2.2.1',
28 silly addNameRange     '2.2.2',
28 silly addNameRange     '2.2.3',
28 silly addNameRange     '2.2.4',
28 silly addNameRange     '2.2.5',
28 silly addNameRange     '2.3.0',
28 silly addNameRange     '2.3.1',
28 silly addNameRange     '2.3.2',
28 silly addNameRange     '2.4.0',
28 silly addNameRange     '2.4.1',
28 silly addNameRange     '2.5.0',
28 silly addNameRange     '2.5.1',
28 silly addNameRange     '2.5.2',
28 silly addNameRange     '2.5.3',
28 silly addNameRange     '2.6.0',
28 silly addNameRange     '2.6.1',
28 silly addNameRange     '2.6.2',
28 silly addNameRange     '2.6.3',
28 silly addNameRange     '2.6.4',
28 silly addNameRange     '2.6.5',
28 silly addNameRange     '2.6.6',
28 silly addNameRange     '1.9.2',
28 silly addNameRange     '2.6.7',
28 silly addNameRange     '2.6.8',
28 silly addNameRange     '2.6.9',
28 silly addNameRange     '2.6.10',
28 silly addNameRange     '2.6.11',
28 silly addNameRange     '2.7.0',
28 silly addNameRange     '2.7.1',
28 silly addNameRange     '2.7.2',
28 silly addNameRange     '2.7.3',
28 silly addNameRange     '2.7.4',
28 silly addNameRange     '2.7.5',
28 silly addNameRange     '2.7.6',
28 silly addNameRange     '2.7.7',
28 silly addNameRange     '2.7.8',
28 silly addNameRange     '2.7.9',
28 silly addNameRange     '2.7.10',
28 silly addNameRange     '2.7.11',
28 silly addNameRange     '2.7.12',
28 silly addNameRange     '2.7.13',
28 silly addNameRange     '2.8.0',
28 silly addNameRange     '2.8.1',
28 silly addNameRange     '2.8.2',
28 silly addNameRange     '2.8.3',
28 silly addNameRange     '2.9.0',
28 silly addNameRange     '2.9.1',
28 silly addNameRange     '2.9.2',
28 silly addNameRange     '2.9.3',
28 silly addNameRange     '2.9.4',
28 silly addNameRange     '2.9.5',
28 silly addNameRange     '2.9.6',
28 silly addNameRange     '2.9.7',
28 silly addNameRange     '2.9.8',
28 silly addNameRange     '2.9.9',
28 silly addNameRange     '2.9.10',
28 silly addNameRange     '2.9.11',
28 silly addNameRange     '2.9.12',
28 silly addNameRange     '2.10.0',
28 silly addNameRange     '2.10.1',
28 silly addNameRange     '2.11.0',
28 silly addNameRange     '2.11.1',
28 silly addNameRange     '2.11.2',
28 silly addNameRange     '2.12.1',
28 silly addNameRange     '2.12.2',
28 silly addNameRange     '2.12.3',
28 silly addNameRange     '2.12.4',
28 silly addNameRange     '2.12.5',
28 silly addNameRange     '2.12.6',
28 silly addNameRange     '2.12.7',
28 silly addNameRange     '2.12.8',
28 silly addNameRange     '2.12.9',
28 silly addNameRange     '2.12.10',
28 silly addNameRange     '2.12.11',
28 silly addNameRange     '2.12.12' ] ]
29 silly addNamed browser-sync@2.12.12
30 verbose addNamed "2.12.12" is a plain semver version for browser-sync
31 silly mapToRegistry name browser-sync
32 silly mapToRegistry using default registry
33 silly mapToRegistry registry https://registry.npmjs.org/
34 silly mapToRegistry uri https://registry.npmjs.org/browser-sync
35 verbose addRemoteTarball https://registry.npmjs.org/browser-sync/-/browser-sync-2.12.12.tgz not in flight; adding
36 verbose addRemoteTarball [ 'https://registry.npmjs.org/browser-sync/-/browser-sync-2.12.12.tgz',
36 verbose addRemoteTarball   '81f991b8d532b6d331169258f21cd5245b62f88a' ]
37 info retry fetch attempt 1 at 20:24:30
38 info attempt registry request try #1 at 20:24:30
39 http fetch GET https://registry.npmjs.org/browser-sync/-/browser-sync-2.12.12.tgz
40 http fetch 200 https://registry.npmjs.org/browser-sync/-/browser-sync-2.12.12.tgz
41 silly fetchAndShaCheck shasum 81f991b8d532b6d331169258f21cd5245b62f88a
42 verbose addTmpTarball /var/folders/_0/lpr222gx7gz2slhgzzj0whxr0000gn/T/npm-762-f2354a2f/registry.npmjs.org/browser-sync/-/browser-sync-2.12.12.tgz not in flight; adding
43 verbose addTmpTarball already have metadata; skipping unpack for browser-sync@2.12.12
44 silly cache afterAdd browser-sync@2.12.12
45 verbose afterAdd /Users/bramble/.npm/browser-sync/2.12.12/package/package.json not in flight; writing
46 verbose afterAdd /Users/bramble/.npm/browser-sync/2.12.12/package/package.json written
47 silly install resolved [ { name: 'browser-sync',
47 silly install resolved     description: 'Live CSS Reload & Browser Syncing',
47 silly install resolved     version: '2.12.12',
47 silly install resolved     homepage: 'http://www.browsersync.io/',
47 silly install resolved     author: { name: 'Shane Osbourne' },
47 silly install resolved     repository:
47 silly install resolved      { type: 'git',
47 silly install resolved        url: 'git+https://github.com/browsersync/browser-sync.git' },
47 silly install resolved     license: 'Apache-2.0',
47 silly install resolved     bin: { 'browser-sync': 'bin/browser-sync.js' },
47 silly install resolved     files: [ 'bin', 'index.js', 'lib', 'lodash.custom.js' ],
47 silly install resolved     engines: { node: '>= 0.8.0' },
47 silly install resolved     scripts:
47 silly install resolved      { env: 'node ./test/env.js',
47 silly install resolved        test: 'npm run lint && npm run env && npm run unit',
47 silly install resolved        lint: 'eslint index.js lib bin examples test/specs gulpfile.js',
47 silly install resolved        pro: 'protractor test/protractor/config.single.js',
47 silly install resolved        'pro-local': 'node test/protractor/setup.js',
47 silly install resolved        unit: 'mocha --recursive test/specs --timeout 10000',
47 silly install resolved        cover: 'npm run env && npm run cover-local && npm run coveralls',
47 silly install resolved        'cover-local': 'istanbul cover -x lodash.custom.js _mocha -- --timeout 10000 --recursive ./test/specs',
47 silly install resolved        coveralls: 'istanbul-coveralls',
47 silly install resolved        'pre-release': 'npm test && npm run pro-local && npm run pro',
47 silly install resolved        lodash: 'lodash include=isUndefined,isFunction,toArray,includes,union,each,isString,merge,isObject exports=node' },
47 silly install resolved     dependencies:
47 silly install resolved      { 'browser-sync-client': '^2.3.3',
47 silly install resolved        'browser-sync-ui': '0.5.19',
47 silly install resolved        'bs-recipes': '1.2.2',
47 silly install resolved        chokidar: '1.5.1',
47 silly install resolved        connect: '3.4.1',
47 silly install resolved        'dev-ip': '^1.0.1',
47 silly install resolved        'easy-extender': '2.3.2',
47 silly install resolved        'eazy-logger': '^2.1.2',
47 silly install resolved        'emitter-steward': '^1.0.0',
47 silly install resolved        'fs-extra': '0.26.7',
47 silly install resolved        'http-proxy': '1.13.3',
47 silly install resolved        immutable: '3.8.1',
47 silly install resolved        localtunnel: '1.8.1',
47 silly install resolved        micromatch: '2.3.7',
47 silly install resolved        opn: '^3.0.2',
47 silly install resolved        portscanner: '^1.0.0',
47 silly install resolved        qs: '6.2.0',
47 silly install resolved        'resp-modifier': '6.0.1',
47 silly install resolved        'serve-index': '1.7.3',
47 silly install resolved        'serve-static': '1.10.2',
47 silly install resolved        'socket.io': '1.4.6',
47 silly install resolved        'ua-parser-js': '0.7.10',
47 silly install resolved        yargs: '4.7.1' },
47 silly install resolved     devDependencies:
47 silly install resolved      { 'browser-sync-spa': '1.0.2',
47 silly install resolved        'bs-html-injector': '3.0.1',
47 silly install resolved        'bs-latency': '1.0.0',
47 silly install resolved        'bs-rewrite-rules': '1.0.0',
47 silly install resolved        'bs-snippet-injector': '2.0.1',
47 silly install resolved        chai: '3.2.0',
47 silly install resolved        chalk: '1.1.1',
47 silly install resolved        compression: '1.6.1',
47 silly install resolved        eslint: '1.3.1',
47 silly install resolved        'graceful-fs': '3.0.8',
47 silly install resolved        gulp: '3.9.0',
47 silly install resolved        'gulp-contribs': '0.0.3',
47 silly install resolved        'gulp-conventional-changelog': '0.4.0',
47 silly install resolved        'gulp-filter': '2.0.2',
47 silly install resolved        istanbul: '0.3.19',
47 silly install resolved        'istanbul-coveralls': '1.0.3',
47 silly install resolved        'lodash-cli': '4.13.1',
47 silly install resolved        mocha: '2.3.0',
47 silly install resolved        q: '1.4.1',
47 silly install resolved        request: '2.61.0',
47 silly install resolved        rimraf: '2.5.2',
47 silly install resolved        sinon: '1.15.4',
47 silly install resolved        slugify: '0.1.1',
47 silly install resolved        'socket.io-client': '^1.4.5',
47 silly install resolved        supertest: '1.1.0',
47 silly install resolved        vinyl: '0.5.3' },
47 silly install resolved     keywords: [ 'browser sync', 'css', 'live reload', 'sync' ],
47 silly install resolved     gitHead: '4467e87f7ae53b2e60324b60816cae52acd1c9d9',
47 silly install resolved     bugs: { url: 'https://github.com/browsersync/browser-sync/issues' },
47 silly install resolved     _id: 'browser-sync@2.12.12',
47 silly install resolved     _shasum: '81f991b8d532b6d331169258f21cd5245b62f88a',
47 silly install resolved     _from: 'browser-sync@*',
47 silly install resolved     _npmVersion: '2.15.1',
47 silly install resolved     _nodeVersion: '4.4.4',
47 silly install resolved     _npmUser: { name: 'shakyshane', email: 'shakyshane@gmail.com' },
47 silly install resolved     dist:
47 silly install resolved      { shasum: '81f991b8d532b6d331169258f21cd5245b62f88a',
47 silly install resolved        tarball: 'https://registry.npmjs.org/browser-sync/-/browser-sync-2.12.12.tgz' },
47 silly install resolved     maintainers: [ [Object] ],
47 silly install resolved     _npmOperationalInternal:
47 silly install resolved      { host: 'packages-16-east.internal.npmjs.com',
47 silly install resolved        tmp: 'tmp/browser-sync-2.12.12.tgz_1465067519973_0.5510459479410201' },
47 silly install resolved     directories: {},
47 silly install resolved     _resolved: 'https://registry.npmjs.org/browser-sync/-/browser-sync-2.12.12.tgz' } ]
48 info install browser-sync@2.12.12 into /usr/local/lib
49 info installOne browser-sync@2.12.12
50 verbose installOne of browser-sync to /usr/local/lib not in flight; installing
51 verbose lock using /Users/bramble/.npm/_locks/browser-sync-ed941186c435fb34.lock for /usr/local/lib/node_modules/browser-sync
52 silly install write writing browser-sync 2.12.12 to /usr/local/lib/node_modules/browser-sync
53 verbose unbuild lib/node_modules/browser-sync
54 silly gentlyRm /usr/local/lib/node_modules/browser-sync is being purged from base /usr/local
55 verbose gentlyRm don't care about contents; nuking /usr/local/lib/node_modules/browser-sync
56 verbose tar unpack /Users/bramble/.npm/browser-sync/2.12.12/package.tgz
57 verbose tar unpacking to /usr/local/lib/node_modules/browser-sync
58 silly gentlyRm /usr/local/lib/node_modules/browser-sync is being purged
59 verbose gentlyRm don't care about contents; nuking /usr/local/lib/node_modules/browser-sync
60 silly gunzTarPerm modes [ '755', '644' ]
61 error tar.unpack untar error /Users/bramble/.npm/browser-sync/2.12.12/package.tgz
62 verbose unlock done using /Users/bramble/.npm/_locks/browser-sync-ed941186c435fb34.lock for /usr/local/lib/node_modules/browser-sync
63 verbose fstream_path /usr/local/lib/node_modules/browser-sync
64 verbose fstream_type Directory
65 verbose fstream_class DirWriter
66 verbose stack Error: EACCES: permission denied, mkdir '/usr/local/lib/node_modules/browser-sync'
66 verbose stack     at Error (native)
67 verbose fstream_stack /usr/local/lib/node_modules/npm/node_modules/fstream/lib/dir-writer.js:35:25
67 verbose fstream_stack /usr/local/lib/node_modules/npm/node_modules/mkdirp/index.js:47:53
67 verbose fstream_stack FSReqWrap.oncomplete (fs.js:82:15)
68 verbose cwd /Users/bramble/Desktop/test_message
69 error Darwin 15.5.0
70 error argv "/usr/local/bin/node" "/usr/local/bin/npm" "install" "-g" "browser-sync"
71 error node v4.2.1
72 error npm  v2.14.7
73 error path /usr/local/lib/node_modules/browser-sync
74 error code EACCES
75 error errno -13
76 error syscall mkdir
77 error Error: EACCES: permission denied, mkdir '/usr/local/lib/node_modules/browser-sync'
77 error     at Error (native)
77 error  { [Error: EACCES: permission denied, mkdir '/usr/local/lib/node_modules/browser-sync']
77 error   errno: -13,
77 error   code: 'EACCES',
77 error   syscall: 'mkdir',
77 error   path: '/usr/local/lib/node_modules/browser-sync',
77 error   fstream_type: 'Directory',
77 error   fstream_path: '/usr/local/lib/node_modules/browser-sync',
77 error   fstream_class: 'DirWriter',
77 error   fstream_stack:
77 error    [ '/usr/local/lib/node_modules/npm/node_modules/fstream/lib/dir-writer.js:35:25',
77 error      '/usr/local/lib/node_modules/npm/node_modules/mkdirp/index.js:47:53',
77 error      'FSReqWrap.oncomplete (fs.js:82:15)' ] }
78 error Please try running this command again as root/Administrator.
79 verbose exit [ -13, true ]
80 verbose unbuild lib/node_modules/browser-sync
81 silly gentlyRm /usr/local/lib/node_modules/browser-sync is being purged from base /usr/local
82 verbose gentlyRm don't care about contents; nuking /usr/local/lib/node_modules/browser-sync
